2019-06-11 00:00:44.953  INFO 1716 --- [main] c.t.t.TradergatewayApplication           : Starting TradergatewayApplication on LAPTOP-HAEK8B4U with PID 1716 (D:\distributed-OTC-trading-system\Trader-gateway\target\classes started by administartor in D:\distributed-OTC-trading-system\Trader-gateway)
2019-06-11 00:00:44.960  INFO 1716 --- [main] c.t.t.TradergatewayApplication           : No active profile set, falling back to default profiles: default
2019-06-11 00:00:45.976  INFO 1716 --- [main] .s.d.r.c.RepositoryConfigurationDelegate : Multiple Spring Data modules found, entering strict repository configuration mode!
2019-06-11 00:00:45.976  INFO 1716 --- [main] .s.d.r.c.RepositoryConfigurationDelegate : Bootstrapping Spring Data repositories in DEFAULT mode.
2019-06-11 00:00:46.078  INFO 1716 --- [main] .s.d.r.c.RepositoryConfigurationDelegate : Finished Spring Data repository scanning in 92ms. Found 4 repository interfaces.
2019-06-11 00:00:46.091  INFO 1716 --- [main] .s.d.r.c.RepositoryConfigurationDelegate : Multiple Spring Data modules found, entering strict repository configuration mode!
2019-06-11 00:00:46.092  INFO 1716 --- [main] .s.d.r.c.RepositoryConfigurationDelegate : Bootstrapping Spring Data repositories in DEFAULT mode.
2019-06-11 00:00:46.112  INFO 1716 --- [main] .RepositoryConfigurationExtensionSupport : Spring Data Redis - Could not safely identify store assignment for repository candidate interface com.trading.tradergateway.Repository.BrokerRepository.
2019-06-11 00:00:46.112  INFO 1716 --- [main] .RepositoryConfigurationExtensionSupport : Spring Data Redis - Could not safely identify store assignment for repository candidate interface com.trading.tradergateway.Repository.FutureRepository.
2019-06-11 00:00:46.113  INFO 1716 --- [main] .RepositoryConfigurationExtensionSupport : Spring Data Redis - Could not safely identify store assignment for repository candidate interface com.trading.tradergateway.Repository.OrderRepository.
2019-06-11 00:00:46.113  INFO 1716 --- [main] .RepositoryConfigurationExtensionSupport : Spring Data Redis - Could not safely identify store assignment for repository candidate interface com.trading.tradergateway.Repository.TraderRepository.
2019-06-11 00:00:46.114  INFO 1716 --- [main] .s.d.r.c.RepositoryConfigurationDelegate : Finished Spring Data repository scanning in 12ms. Found 0 repository interfaces.
2019-06-11 00:00:46.951  INFO 1716 --- [main] trationDelegate$BeanPostProcessorChecker : Bean 'org.springframework.transaction.annotation.ProxyTransactionManagementConfiguration' of type [org.springframework.transaction.annotation.ProxyTransactionManagementConfiguration$$EnhancerBySpringCGLIB$$c7ac4cc5] is not eligible for getting processed by all BeanPostProcessors (for example: not eligible for auto-proxying)
2019-06-11 00:00:46.984  INFO 1716 --- [main] trationDelegate$BeanPostProcessorChecker : Bean 'org.springframework.security.config.annotation.configuration.ObjectPostProcessorConfiguration' of type [org.springframework.security.config.annotation.configuration.ObjectPostProcessorConfiguration$$EnhancerBySpringCGLIB$$605a14ff] is not eligible for getting processed by all BeanPostProcessors (for example: not eligible for auto-proxying)
2019-06-11 00:00:46.989  INFO 1716 --- [main] trationDelegate$BeanPostProcessorChecker : Bean 'objectPostProcessor' of type [org.springframework.security.config.annotation.configuration.AutowireBeanFactoryObjectPostProcessor] is not eligible for getting processed by all BeanPostProcessors (for example: not eligible for auto-proxying)
2019-06-11 00:00:46.990  INFO 1716 --- [main] trationDelegate$BeanPostProcessorChecker : Bean 'org.springframework.security.access.expression.method.DefaultMethodSecurityExpressionHandler@3005db4a' of type [org.springframework.security.access.expression.method.DefaultMethodSecurityExpressionHandler] is not eligible for getting processed by all BeanPostProcessors (for example: not eligible for auto-proxying)
2019-06-11 00:00:46.992  INFO 1716 --- [main] trationDelegate$BeanPostProcessorChecker : Bean 'org.springframework.security.config.annotation.method.configuration.GlobalMethodSecurityConfiguration' of type [org.springframework.security.config.annotation.method.configuration.GlobalMethodSecurityConfiguration$$EnhancerBySpringCGLIB$$852eb7b1] is not eligible for getting processed by all BeanPostProcessors (for example: not eligible for auto-proxying)
2019-06-11 00:00:46.995  INFO 1716 --- [main] trationDelegate$BeanPostProcessorChecker : Bean 'methodSecurityMetadataSource' of type [org.springframework.security.access.method.DelegatingMethodSecurityMetadataSource] is not eligible for getting processed by all BeanPostProcessors (for example: not eligible for auto-proxying)
2019-06-11 00:00:47.012  INFO 1716 --- [main] trationDelegate$BeanPostProcessorChecker : Bean 'jedisConfig' of type [com.trading.tradergateway.JedisConfig$$EnhancerBySpringCGLIB$$6fa05d4d] is not eligible for getting processed by all BeanPostProcessors (for example: not eligible for auto-proxying)
2019-06-11 00:00:47.047  INFO 1716 --- [main] trationDelegate$BeanPostProcessorChecker : Bean 'jedisConnectionFactory' of type [org.springframework.data.redis.connection.jedis.JedisConnectionFactory] is not eligible for getting processed by all BeanPostProcessors (for example: not eligible for auto-proxying)
2019-06-11 00:00:47.050  INFO 1716 --- [main] trationDelegate$BeanPostProcessorChecker : Bean 'redisConfig' of type [com.trading.tradergateway.RedisConfig$$EnhancerBySpringCGLIB$$190fcc55] is not eligible for getting processed by all BeanPostProcessors (for example: not eligible for auto-proxying)
2019-06-11 00:00:47.377  INFO 1716 --- [main] o.s.b.w.embedded.tomcat.TomcatWebServer  : Tomcat initialized with port(s): 8080 (http)
2019-06-11 00:00:47.397  INFO 1716 --- [main] o.apache.catalina.core.StandardService   : Starting service [Tomcat]
2019-06-11 00:00:47.397  INFO 1716 --- [main] org.apache.catalina.core.StandardEngine  : Starting Servlet engine: [Apache Tomcat/9.0.19]
2019-06-11 00:00:47.566  INFO 1716 --- [main] o.a.c.c.C.[Tomcat].[localhost].[/]       : Initializing Spring embedded WebApplicationContext
2019-06-11 00:00:47.566 DEBUG 1716 --- [main] o.s.web.context.ContextLoader            : Published root WebApplicationContext as ServletContext attribute with name [org.springframework.web.context.WebApplicationContext.ROOT]
2019-06-11 00:00:47.566  INFO 1716 --- [main] o.s.web.context.ContextLoader            : Root WebApplicationContext: initialization completed in 2517 ms
2019-06-11 00:00:47.792  INFO 1716 --- [main] com.zaxxer.hikari.HikariDataSource       : HikariPool-1 - Starting...
2019-06-11 00:00:47.794  WARN 1716 --- [main] com.zaxxer.hikari.util.DriverDataSource  : Registered driver with driverClassName=com.mysql.jdbc.Driver was not found, trying direct instantiation.
2019-06-11 00:00:48.036  INFO 1716 --- [main] com.zaxxer.hikari.HikariDataSource       : HikariPool-1 - Start completed.
2019-06-11 00:00:49.037  INFO 1716 --- [main] j.LocalContainerEntityManagerFactoryBean : Initialized JPA EntityManagerFactory for persistence unit 'default'
2019-06-11 00:00:49.969  INFO 1716 --- [main] o.s.s.web.DefaultSecurityFilterChain     : Creating filter chain: any request, [org.springframework.security.web.context.request.async.WebAsyncManagerIntegrationFilter@5c573229, org.springframework.security.web.context.SecurityContextPersistenceFilter@26a45089, org.springframework.security.web.header.HeaderWriterFilter@5c8ab9de, org.springframework.security.web.authentication.logout.LogoutFilter@4ad896f7, com.trading.tradergateway.JWT.JwtAuthenticationTokenFilter@49cc9b2a, org.springframework.security.web.savedrequest.RequestCacheAwareFilter@5ab5924c, org.springframework.security.web.servletapi.SecurityContextHolderAwareRequestFilter@191f4d65, org.springframework.security.web.authentication.AnonymousAuthenticationFilter@77ecdc2b, org.springframework.security.web.session.SessionManagementFilter@844e66d, org.springframework.security.web.access.ExceptionTranslationFilter@bfe47a8, org.springframework.security.web.access.intercept.FilterSecurityInterceptor@4948daec]
2019-06-11 00:00:50.025 DEBUG 1716 --- [main] o.s.w.s.handler.SimpleUrlHandlerMapping  : Patterns [/**/favicon.ico] in 'faviconHandlerMapping'
2019-06-11 00:00:50.156  INFO 1716 --- [main] o.s.s.concurrent.ThreadPoolTaskExecutor  : Initializing ExecutorService 'applicationTaskExecutor'
2019-06-11 00:00:50.170 DEBUG 1716 --- [main] s.w.s.m.m.a.RequestMappingHandlerAdapter : ControllerAdvice beans: 0 @ModelAttribute, 0 @InitBinder, 1 RequestBodyAdvice, 1 ResponseBodyAdvice
2019-06-11 00:00:50.198  WARN 1716 --- [main] aWebConfiguration$JpaWebMvcConfiguration : spring.jpa.open-in-view is enabled by default. Therefore, database queries may be performed during view rendering. Explicitly configure spring.jpa.open-in-view to disable this warning
2019-06-11 00:00:50.248 DEBUG 1716 --- [main] s.w.s.m.m.a.RequestMappingHandlerMapping : 21 mappings in 'requestMappingHandlerMapping'
2019-06-11 00:00:50.269 DEBUG 1716 --- [main] o.s.w.s.handler.SimpleUrlHandlerMapping  : Patterns [/webjars/**, /**] in 'resourceHandlerMapping'
2019-06-11 00:00:50.280 DEBUG 1716 --- [main] .m.m.a.ExceptionHandlerExceptionResolver : ControllerAdvice beans: 0 @ExceptionHandler, 1 ResponseBodyAdvice
2019-06-11 00:00:50.798  INFO 1716 --- [main] o.s.b.w.embedded.tomcat.TomcatWebServer  : Tomcat started on port(s): 8080 (http) with context path ''
2019-06-11 00:00:50.800  INFO 1716 --- [main] c.t.t.TradergatewayApplication           : Started TradergatewayApplication in 6.37 seconds (JVM running for 7.825)
2019-06-11 00:01:32.289  INFO 1716 --- [http-nio-8080-exec-1] o.a.c.c.C.[Tomcat].[localhost].[/]       : Initializing Spring DispatcherServlet 'dispatcherServlet'
2019-06-11 00:01:32.289  INFO 1716 --- [http-nio-8080-exec-1] o.s.web.servlet.DispatcherServlet        : Initializing Servlet 'dispatcherServlet'
2019-06-11 00:01:32.289 DEBUG 1716 --- [http-nio-8080-exec-1] o.s.web.servlet.DispatcherServlet        : Detected StandardServletMultipartResolver
2019-06-11 00:01:32.299 DEBUG 1716 --- [http-nio-8080-exec-1] o.s.web.servlet.DispatcherServlet        : enableLoggingRequestDetails='false': request parameters and headers will be masked to prevent unsafe logging of potentially sensitive data
2019-06-11 00:01:32.299  INFO 1716 --- [http-nio-8080-exec-1] o.s.web.servlet.DispatcherServlet        : Completed initialization in 10 ms
2019-06-11 00:01:32.855 DEBUG 1716 --- [http-nio-8080-exec-1] o.s.web.servlet.DispatcherServlet        : POST "/order/SendOrder", parameters={}
2019-06-11 00:01:32.859 DEBUG 1716 --- [http-nio-8080-exec-1] s.w.s.m.m.a.RequestMappingHandlerMapping : Mapped to public java.lang.String com.trading.tradergateway.Controller.OrderController.sendOrder(com.trading.tradergateway.Entity.Order,javax.servlet.http.HttpServletRequest) throws java.lang.Exception
2019-06-11 00:01:32.921 DEBUG 1716 --- [http-nio-8080-exec-1] m.m.a.RequestResponseBodyMethodProcessor : Read "application/json;charset=UTF-8" to [com.trading.tradergateway.Entity.Order@2694d55f]
2019-06-11 00:02:36.565  INFO 2980 --- [main] c.t.t.TradergatewayApplication           : Starting TradergatewayApplication on LAPTOP-HAEK8B4U with PID 2980 (D:\distributed-OTC-trading-system\Trader-gateway\target\classes started by administartor in D:\distributed-OTC-trading-system\Trader-gateway)
2019-06-11 00:02:36.568  INFO 2980 --- [main] c.t.t.TradergatewayApplication           : No active profile set, falling back to default profiles: default
2019-06-11 00:02:37.490  INFO 2980 --- [main] .s.d.r.c.RepositoryConfigurationDelegate : Multiple Spring Data modules found, entering strict repository configuration mode!
2019-06-11 00:02:37.490  INFO 2980 --- [main] .s.d.r.c.RepositoryConfigurationDelegate : Bootstrapping Spring Data repositories in DEFAULT mode.
2019-06-11 00:02:37.598  INFO 2980 --- [main] .s.d.r.c.RepositoryConfigurationDelegate : Finished Spring Data repository scanning in 100ms. Found 4 repository interfaces.
2019-06-11 00:02:37.610  INFO 2980 --- [main] .s.d.r.c.RepositoryConfigurationDelegate : Multiple Spring Data modules found, entering strict repository configuration mode!
2019-06-11 00:02:37.611  INFO 2980 --- [main] .s.d.r.c.RepositoryConfigurationDelegate : Bootstrapping Spring Data repositories in DEFAULT mode.
2019-06-11 00:02:37.629  INFO 2980 --- [main] .RepositoryConfigurationExtensionSupport : Spring Data Redis - Could not safely identify store assignment for repository candidate interface com.trading.tradergateway.Repository.BrokerRepository.
2019-06-11 00:02:37.630  INFO 2980 --- [main] .RepositoryConfigurationExtensionSupport : Spring Data Redis - Could not safely identify store assignment for repository candidate interface com.trading.tradergateway.Repository.FutureRepository.
2019-06-11 00:02:37.631  INFO 2980 --- [main] .RepositoryConfigurationExtensionSupport : Spring Data Redis - Could not safely identify store assignment for repository candidate interface com.trading.tradergateway.Repository.OrderRepository.
2019-06-11 00:02:37.631  INFO 2980 --- [main] .RepositoryConfigurationExtensionSupport : Spring Data Redis - Could not safely identify store assignment for repository candidate interface com.trading.tradergateway.Repository.TraderRepository.
2019-06-11 00:02:37.632  INFO 2980 --- [main] .s.d.r.c.RepositoryConfigurationDelegate : Finished Spring Data repository scanning in 11ms. Found 0 repository interfaces.
2019-06-11 00:02:38.110  INFO 2980 --- [main] trationDelegate$BeanPostProcessorChecker : Bean 'org.springframework.transaction.annotation.ProxyTransactionManagementConfiguration' of type [org.springframework.transaction.annotation.ProxyTransactionManagementConfiguration$$EnhancerBySpringCGLIB$$927e8aa3] is not eligible for getting processed by all BeanPostProcessors (for example: not eligible for auto-proxying)
2019-06-11 00:02:38.150  INFO 2980 --- [main] trationDelegate$BeanPostProcessorChecker : Bean 'org.springframework.security.config.annotation.configuration.ObjectPostProcessorConfiguration' of type [org.springframework.security.config.annotation.configuration.ObjectPostProcessorConfiguration$$EnhancerBySpringCGLIB$$2b2c52dd] is not eligible for getting processed by all BeanPostProcessors (for example: not eligible for auto-proxying)
2019-06-11 00:02:38.157  INFO 2980 --- [main] trationDelegate$BeanPostProcessorChecker : Bean 'objectPostProcessor' of type [org.springframework.security.config.annotation.configuration.AutowireBeanFactoryObjectPostProcessor] is not eligible for getting processed by all BeanPostProcessors (for example: not eligible for auto-proxying)
2019-06-11 00:02:38.159  INFO 2980 --- [main] trationDelegate$BeanPostProcessorChecker : Bean 'org.springframework.security.access.expression.method.DefaultMethodSecurityExpressionHandler@41aaedaa' of type [org.springframework.security.access.expression.method.DefaultMethodSecurityExpressionHandler] is not eligible for getting processed by all BeanPostProcessors (for example: not eligible for auto-proxying)
2019-06-11 00:02:38.162  INFO 2980 --- [main] trationDelegate$BeanPostProcessorChecker : Bean 'org.springframework.security.config.annotation.method.configuration.GlobalMethodSecurityConfiguration' of type [org.springframework.security.config.annotation.method.configuration.GlobalMethodSecurityConfiguration$$EnhancerBySpringCGLIB$$5000f58f] is not eligible for getting processed by all BeanPostProcessors (for example: not eligible for auto-proxying)
2019-06-11 00:02:38.166  INFO 2980 --- [main] trationDelegate$BeanPostProcessorChecker : Bean 'methodSecurityMetadataSource' of type [org.springframework.security.access.method.DelegatingMethodSecurityMetadataSource] is not eligible for getting processed by all BeanPostProcessors (for example: not eligible for auto-proxying)
2019-06-11 00:02:38.180  INFO 2980 --- [main] trationDelegate$BeanPostProcessorChecker : Bean 'jedisConfig' of type [com.trading.tradergateway.JedisConfig$$EnhancerBySpringCGLIB$$3a729b2b] is not eligible for getting processed by all BeanPostProcessors (for example: not eligible for auto-proxying)
2019-06-11 00:02:38.216  INFO 2980 --- [main] trationDelegate$BeanPostProcessorChecker : Bean 'jedisConnectionFactory' of type [org.springframework.data.redis.connection.jedis.JedisConnectionFactory] is not eligible for getting processed by all BeanPostProcessors (for example: not eligible for auto-proxying)
2019-06-11 00:02:38.219  INFO 2980 --- [main] trationDelegate$BeanPostProcessorChecker : Bean 'redisConfig' of type [com.trading.tradergateway.RedisConfig$$EnhancerBySpringCGLIB$$e3e20a33] is not eligible for getting processed by all BeanPostProcessors (for example: not eligible for auto-proxying)
2019-06-11 00:02:38.547  INFO 2980 --- [main] o.s.b.w.embedded.tomcat.TomcatWebServer  : Tomcat initialized with port(s): 8080 (http)
2019-06-11 00:02:38.570  INFO 2980 --- [main] o.apache.catalina.core.StandardService   : Starting service [Tomcat]
2019-06-11 00:02:38.571  INFO 2980 --- [main] org.apache.catalina.core.StandardEngine  : Starting Servlet engine: [Apache Tomcat/9.0.19]
2019-06-11 00:02:38.774  INFO 2980 --- [main] o.a.c.c.C.[Tomcat].[localhost].[/]       : Initializing Spring embedded WebApplicationContext
2019-06-11 00:02:38.774 DEBUG 2980 --- [main] o.s.web.context.ContextLoader            : Published root WebApplicationContext as ServletContext attribute with name [org.springframework.web.context.WebApplicationContext.ROOT]
2019-06-11 00:02:38.774  INFO 2980 --- [main] o.s.web.context.ContextLoader            : Root WebApplicationContext: initialization completed in 2167 ms
2019-06-11 00:02:39.016  INFO 2980 --- [main] com.zaxxer.hikari.HikariDataSource       : HikariPool-1 - Starting...
2019-06-11 00:02:39.017  WARN 2980 --- [main] com.zaxxer.hikari.util.DriverDataSource  : Registered driver with driverClassName=com.mysql.jdbc.Driver was not found, trying direct instantiation.
2019-06-11 00:02:39.251  INFO 2980 --- [main] com.zaxxer.hikari.HikariDataSource       : HikariPool-1 - Start completed.
2019-06-11 00:02:40.467  INFO 2980 --- [main] j.LocalContainerEntityManagerFactoryBean : Initialized JPA EntityManagerFactory for persistence unit 'default'
2019-06-11 00:02:41.736  INFO 2980 --- [main] o.s.s.web.DefaultSecurityFilterChain     : Creating filter chain: any request, [org.springframework.security.web.context.request.async.WebAsyncManagerIntegrationFilter@5635bcd2, org.springframework.security.web.context.SecurityContextPersistenceFilter@2c6927f0, org.springframework.security.web.header.HeaderWriterFilter@1584c019, org.springframework.security.web.authentication.logout.LogoutFilter@33e50ff2, com.trading.tradergateway.JWT.JwtAuthenticationTokenFilter@2e4eda17, org.springframework.security.web.savedrequest.RequestCacheAwareFilter@266da047, org.springframework.security.web.servletapi.SecurityContextHolderAwareRequestFilter@9205c0a, org.springframework.security.web.authentication.AnonymousAuthenticationFilter@5c5c7cc4, org.springframework.security.web.session.SessionManagementFilter@3ad847f8, org.springframework.security.web.access.ExceptionTranslationFilter@6003220a, org.springframework.security.web.access.intercept.FilterSecurityInterceptor@78545d40]
2019-06-11 00:02:41.807 DEBUG 2980 --- [main] o.s.w.s.handler.SimpleUrlHandlerMapping  : Patterns [/**/favicon.ico] in 'faviconHandlerMapping'
2019-06-11 00:02:41.967  INFO 2980 --- [main] o.s.s.concurrent.ThreadPoolTaskExecutor  : Initializing ExecutorService 'applicationTaskExecutor'
2019-06-11 00:02:41.986 DEBUG 2980 --- [main] s.w.s.m.m.a.RequestMappingHandlerAdapter : ControllerAdvice beans: 0 @ModelAttribute, 0 @InitBinder, 1 RequestBodyAdvice, 1 ResponseBodyAdvice
2019-06-11 00:02:42.028  WARN 2980 --- [main] aWebConfiguration$JpaWebMvcConfiguration : spring.jpa.open-in-view is enabled by default. Therefore, database queries may be performed during view rendering. Explicitly configure spring.jpa.open-in-view to disable this warning
2019-06-11 00:02:42.082 DEBUG 2980 --- [main] s.w.s.m.m.a.RequestMappingHandlerMapping : 21 mappings in 'requestMappingHandlerMapping'
2019-06-11 00:02:42.112 DEBUG 2980 --- [main] o.s.w.s.handler.SimpleUrlHandlerMapping  : Patterns [/webjars/**, /**] in 'resourceHandlerMapping'
2019-06-11 00:02:42.126 DEBUG 2980 --- [main] .m.m.a.ExceptionHandlerExceptionResolver : ControllerAdvice beans: 0 @ExceptionHandler, 1 ResponseBodyAdvice
2019-06-11 00:02:42.743  INFO 2980 --- [main] o.s.b.w.embedded.tomcat.TomcatWebServer  : Tomcat started on port(s): 8080 (http) with context path ''
2019-06-11 00:02:42.745  INFO 2980 --- [main] c.t.t.TradergatewayApplication           : Started TradergatewayApplication in 6.674 seconds (JVM running for 8.003)
2019-06-11 00:03:11.291  INFO 2980 --- [http-nio-8080-exec-1] o.a.c.c.C.[Tomcat].[localhost].[/]       : Initializing Spring DispatcherServlet 'dispatcherServlet'
2019-06-11 00:03:11.291  INFO 2980 --- [http-nio-8080-exec-1] o.s.web.servlet.DispatcherServlet        : Initializing Servlet 'dispatcherServlet'
2019-06-11 00:03:11.291 DEBUG 2980 --- [http-nio-8080-exec-1] o.s.web.servlet.DispatcherServlet        : Detected StandardServletMultipartResolver
2019-06-11 00:03:11.302 DEBUG 2980 --- [http-nio-8080-exec-1] o.s.web.servlet.DispatcherServlet        : enableLoggingRequestDetails='false': request parameters and headers will be masked to prevent unsafe logging of potentially sensitive data
2019-06-11 00:03:11.303  INFO 2980 --- [http-nio-8080-exec-1] o.s.web.servlet.DispatcherServlet        : Completed initialization in 12 ms
2019-06-11 00:03:11.876 DEBUG 2980 --- [http-nio-8080-exec-1] o.s.web.servlet.DispatcherServlet        : POST "/order/SendOrder", parameters={}
2019-06-11 00:03:11.880 DEBUG 2980 --- [http-nio-8080-exec-1] s.w.s.m.m.a.RequestMappingHandlerMapping : Mapped to public java.lang.String com.trading.tradergateway.Controller.OrderController.sendOrder(com.trading.tradergateway.Entity.Order,javax.servlet.http.HttpServletRequest) throws java.lang.Exception
2019-06-11 00:03:11.933 DEBUG 2980 --- [http-nio-8080-exec-1] m.m.a.RequestResponseBodyMethodProcessor : Read "application/json;charset=UTF-8" to [com.trading.tradergateway.Entity.Order@6a2a4a1c]
2019-06-11 00:04:27.623 DEBUG 2980 --- [http-nio-8080-exec-1] m.m.a.RequestResponseBodyMethodProcessor : Using 'text/plain', given [*/*] and supported [text/plain, */*, text/plain, */*, application/json, application/*+json, application/json, application/*+json]
2019-06-11 00:04:27.623 DEBUG 2980 --- [http-nio-8080-exec-1] m.m.a.RequestResponseBodyMethodProcessor : Writing ["Sent with iceberg order with status: OK"]
2019-06-11 00:04:27.631 DEBUG 2980 --- [http-nio-8080-exec-1] o.s.web.servlet.DispatcherServlet        : Completed 200 OK
