2019-06-07 14:43:27.516  INFO 10460 --- [main] c.t.b.BrokergatewayApplication           : Starting BrokergatewayApplication on LAPTOP-HAEK8B4U with PID 10460 (D:\distributed-OTC-trading-system\Broker-gateway\target\classes started by administartor in D:\distributed-OTC-trading-system\Broker-gateway)
2019-06-07 14:43:27.523  INFO 10460 --- [main] c.t.b.BrokergatewayApplication           : No active profile set, falling back to default profiles: default
2019-06-07 14:43:28.781  INFO 10460 --- [main] .s.d.r.c.RepositoryConfigurationDelegate : Bootstrapping Spring Data repositories in DEFAULT mode.
2019-06-07 14:43:28.851  INFO 10460 --- [main] .s.d.r.c.RepositoryConfigurationDelegate : Finished Spring Data repository scanning in 63ms. Found 1 repository interfaces.
2019-06-07 14:43:29.229  INFO 10460 --- [main] trationDelegate$BeanPostProcessorChecker : Bean 'org.springframework.transaction.annotation.ProxyTransactionManagementConfiguration' of type [org.springframework.transaction.annotation.ProxyTransactionManagementConfiguration$$EnhancerBySpringCGLIB$$b4c06399] is not eligible for getting processed by all BeanPostProcessors (for example: not eligible for auto-proxying)
2019-06-07 14:43:29.542  INFO 10460 --- [main] o.s.b.w.embedded.tomcat.TomcatWebServer  : Tomcat initialized with port(s): 8081 (http)
2019-06-07 14:43:29.569  INFO 10460 --- [main] o.apache.catalina.core.StandardService   : Starting service [Tomcat]
2019-06-07 14:43:29.570  INFO 10460 --- [main] org.apache.catalina.core.StandardEngine  : Starting Servlet engine: [Apache Tomcat/9.0.19]
2019-06-07 14:43:29.740  INFO 10460 --- [main] o.a.c.c.C.[Tomcat].[localhost].[/]       : Initializing Spring embedded WebApplicationContext
2019-06-07 14:43:29.741 DEBUG 10460 --- [main] o.s.web.context.ContextLoader            : Published root WebApplicationContext as ServletContext attribute with name [org.springframework.web.context.WebApplicationContext.ROOT]
2019-06-07 14:43:29.741  INFO 10460 --- [main] o.s.web.context.ContextLoader            : Root WebApplicationContext: initialization completed in 2175 ms
2019-06-07 14:43:29.880  INFO 10460 --- [main] com.zaxxer.hikari.HikariDataSource       : HikariPool-1 - Starting...
2019-06-07 14:43:29.881  WARN 10460 --- [main] com.zaxxer.hikari.util.DriverDataSource  : Registered driver with driverClassName=com.mysql.jdbc.Driver was not found, trying direct instantiation.
2019-06-07 14:43:29.981  INFO 10460 --- [main] com.zaxxer.hikari.HikariDataSource       : HikariPool-1 - Start completed.
2019-06-07 14:43:30.958  INFO 10460 --- [main] j.LocalContainerEntityManagerFactoryBean : Initialized JPA EntityManagerFactory for persistence unit 'default'
2019-06-07 14:43:31.310 DEBUG 10460 --- [main] o.s.w.s.handler.SimpleUrlHandlerMapping  : Patterns [/**/favicon.ico] in 'faviconHandlerMapping'
2019-06-07 14:43:31.456  INFO 10460 --- [main] o.s.s.concurrent.ThreadPoolTaskExecutor  : Initializing ExecutorService 'applicationTaskExecutor'
2019-06-07 14:43:31.468 DEBUG 10460 --- [main] s.w.s.m.m.a.RequestMappingHandlerAdapter : ControllerAdvice beans: 0 @ModelAttribute, 0 @InitBinder, 1 RequestBodyAdvice, 1 ResponseBodyAdvice
2019-06-07 14:43:31.492  WARN 10460 --- [main] aWebConfiguration$JpaWebMvcConfiguration : spring.jpa.open-in-view is enabled by default. Therefore, database queries may be performed during view rendering. Explicitly configure spring.jpa.open-in-view to disable this warning
2019-06-07 14:43:31.524 DEBUG 10460 --- [main] s.w.s.m.m.a.RequestMappingHandlerMapping : 12 mappings in 'requestMappingHandlerMapping'
2019-06-07 14:43:31.538 DEBUG 10460 --- [main] o.s.w.s.handler.SimpleUrlHandlerMapping  : Patterns [/webjars/**, /**] in 'resourceHandlerMapping'
2019-06-07 14:43:31.545 DEBUG 10460 --- [main] .m.m.a.ExceptionHandlerExceptionResolver : ControllerAdvice beans: 0 @ExceptionHandler, 1 ResponseBodyAdvice
2019-06-07 14:43:31.705 DEBUG 10460 --- [main] o.s.w.s.s.s.ServerEndpointExporter       : Registering @ServerEndpoint class: class com.trading.brokergateway.Controller.PriceServer
2019-06-07 14:43:31.710 DEBUG 10460 --- [main] o.s.w.s.s.s.ServerEndpointExporter       : Registering @ServerEndpoint class: class com.trading.brokergateway.Controller.WebsocketServer
2019-06-07 14:43:31.751  INFO 10460 --- [main] o.s.b.w.embedded.tomcat.TomcatWebServer  : Tomcat started on port(s): 8081 (http) with context path ''
2019-06-07 14:43:31.753  INFO 10460 --- [main] c.t.b.BrokergatewayApplication           : Started BrokergatewayApplication in 4.672 seconds (JVM running for 6.223)
2019-06-07 14:45:36.659  INFO 10460 --- [http-nio-8081-exec-1] o.a.c.c.C.[Tomcat].[localhost].[/]       : Initializing Spring DispatcherServlet 'dispatcherServlet'
2019-06-07 14:45:36.660  INFO 10460 --- [http-nio-8081-exec-1] o.s.web.servlet.DispatcherServlet        : Initializing Servlet 'dispatcherServlet'
2019-06-07 14:45:36.660 DEBUG 10460 --- [http-nio-8081-exec-1] o.s.web.servlet.DispatcherServlet        : Detected StandardServletMultipartResolver
2019-06-07 14:45:36.668 DEBUG 10460 --- [http-nio-8081-exec-1] o.s.web.servlet.DispatcherServlet        : enableLoggingRequestDetails='false': request parameters and headers will be masked to prevent unsafe logging of potentially sensitive data
2019-06-07 14:45:36.668  INFO 10460 --- [http-nio-8081-exec-1] o.s.web.servlet.DispatcherServlet        : Completed initialization in 8 ms
2019-06-07 14:45:52.282 ERROR 10460 --- [http-nio-8081-exec-2] c.t.b.Controller.WebsocketServer         : 发生错误
2019-06-07 14:45:53.293 ERROR 10460 --- [http-nio-8081-exec-2] c.t.b.Controller.WebsocketServer         : 发生错误
2019-06-07 14:46:30.982 ERROR 10460 --- [http-nio-8081-exec-4] c.t.b.Controller.PriceServer             : 发生错误
2019-06-07 14:46:32.993 ERROR 10460 --- [http-nio-8081-exec-4] c.t.b.Controller.PriceServer             : 发生错误
2019-06-07 14:50:55.631 DEBUG 10460 --- [http-nio-8081-exec-6] o.s.web.servlet.DispatcherServlet        : GET "/OrderBook?futureID=SB", parameters={masked}
2019-06-07 14:50:55.636 DEBUG 10460 --- [http-nio-8081-exec-6] s.w.s.m.m.a.RequestMappingHandlerMapping : Mapped to public java.lang.String com.trading.brokergateway.Controller.OrderBookControl.getOrderBook(javax.servlet.http.HttpServletRequest)
2019-06-07 14:50:55.666 DEBUG 10460 --- [http-nio-8081-exec-6] m.m.a.RequestResponseBodyMethodProcessor : Using 'text/plain', given [*/*] and supported [text/plain, */*, text/plain, */*, application/json, application/*+json, application/json, application/*+json]
2019-06-07 14:50:55.667 DEBUG 10460 --- [http-nio-8081-exec-6] m.m.a.RequestResponseBodyMethodProcessor : Writing ["{"sellList":[{"orderID":"969cd9ce-2087-479d-b88d-9c7bc3af25be","futureID":"SB","type":"L","way":"S" (truncated)...]
2019-06-07 14:50:55.677 DEBUG 10460 --- [http-nio-8081-exec-6] o.s.web.servlet.DispatcherServlet        : Completed 200 OK
2019-06-07 14:51:15.083 DEBUG 10460 --- [http-nio-8081-exec-7] o.s.web.servlet.DispatcherServlet        : POST "/Order", parameters={}
2019-06-07 14:51:15.084 DEBUG 10460 --- [http-nio-8081-exec-7] s.w.s.m.m.a.RequestMappingHandlerMapping : Mapped to public java.lang.String com.trading.brokergateway.Controller.OrderControl.orderPost(javax.servlet.http.HttpServletRequest,java.io.BufferedReader)
2019-06-07 14:51:15.195 DEBUG 10460 --- [http-nio-8081-exec-7] m.m.a.RequestResponseBodyMethodProcessor : Using 'application/json', given [application/json] and supported [text/plain, */*, text/plain, */*, application/json, application/*+json, application/json, application/*+json]
2019-06-07 14:51:15.195 DEBUG 10460 --- [http-nio-8081-exec-7] m.m.a.RequestResponseBodyMethodProcessor : Writing ["PROCESSED"]
2019-06-07 14:51:15.197 DEBUG 10460 --- [http-nio-8081-exec-7] o.s.web.servlet.DispatcherServlet        : Completed 200 OK
2019-06-07 14:51:23.552 DEBUG 10460 --- [http-nio-8081-exec-8] o.s.web.servlet.DispatcherServlet        : GET "/OrderBook?futureID=SB", parameters={masked}
2019-06-07 14:51:23.553 DEBUG 10460 --- [http-nio-8081-exec-8] s.w.s.m.m.a.RequestMappingHandlerMapping : Mapped to public java.lang.String com.trading.brokergateway.Controller.OrderBookControl.getOrderBook(javax.servlet.http.HttpServletRequest)
2019-06-07 14:51:23.555 DEBUG 10460 --- [http-nio-8081-exec-8] m.m.a.RequestResponseBodyMethodProcessor : Using 'text/plain', given [*/*] and supported [text/plain, */*, text/plain, */*, application/json, application/*+json, application/json, application/*+json]
2019-06-07 14:51:23.555 DEBUG 10460 --- [http-nio-8081-exec-8] m.m.a.RequestResponseBodyMethodProcessor : Writing ["{"sellList":[{"orderID":"688f389c-a6f7-4eaf-84e8-dd66f134f700","futureID":"SB","type":"L","way":"S" (truncated)...]
2019-06-07 14:51:23.556 DEBUG 10460 --- [http-nio-8081-exec-8] o.s.web.servlet.DispatcherServlet        : Completed 200 OK
2019-06-07 14:52:00.121 DEBUG 10460 --- [http-nio-8081-exec-10] o.s.web.servlet.DispatcherServlet        : POST "/Order", parameters={}
2019-06-07 14:52:00.122 DEBUG 10460 --- [http-nio-8081-exec-10] s.w.s.m.m.a.RequestMappingHandlerMapping : Mapped to public java.lang.String com.trading.brokergateway.Controller.OrderControl.orderPost(javax.servlet.http.HttpServletRequest,java.io.BufferedReader)
2019-06-07 14:52:00.126 DEBUG 10460 --- [http-nio-8081-exec-10] m.m.a.RequestResponseBodyMethodProcessor : Using 'application/json', given [application/json] and supported [text/plain, */*, text/plain, */*, application/json, application/*+json, application/json, application/*+json]
2019-06-07 14:52:00.126 DEBUG 10460 --- [http-nio-8081-exec-10] m.m.a.RequestResponseBodyMethodProcessor : Writing ["PROCESSING"]
2019-06-07 14:52:00.128 DEBUG 10460 --- [http-nio-8081-exec-10] o.s.web.servlet.DispatcherServlet        : Completed 200 OK
2019-06-07 14:52:04.020 DEBUG 10460 --- [http-nio-8081-exec-1] o.s.web.servlet.DispatcherServlet        : GET "/OrderBook?futureID=SB", parameters={masked}
2019-06-07 14:52:04.020 DEBUG 10460 --- [http-nio-8081-exec-1] s.w.s.m.m.a.RequestMappingHandlerMapping : Mapped to public java.lang.String com.trading.brokergateway.Controller.OrderBookControl.getOrderBook(javax.servlet.http.HttpServletRequest)
2019-06-07 14:52:04.023 DEBUG 10460 --- [http-nio-8081-exec-1] m.m.a.RequestResponseBodyMethodProcessor : Using 'text/plain', given [*/*] and supported [text/plain, */*, text/plain, */*, application/json, application/*+json, application/json, application/*+json]
2019-06-07 14:52:04.023 DEBUG 10460 --- [http-nio-8081-exec-1] m.m.a.RequestResponseBodyMethodProcessor : Writing ["{"sellList":[{"orderID":"969cd9ce-2087-479d-b88d-9c7bc3af25be","futureID":"SB","type":"L","way":"S" (truncated)...]
2019-06-07 14:52:04.024 DEBUG 10460 --- [http-nio-8081-exec-1] o.s.web.servlet.DispatcherServlet        : Completed 200 OK
2019-06-07 14:53:02.327 DEBUG 10460 --- [http-nio-8081-exec-3] o.s.web.servlet.DispatcherServlet        : GET "/OrderBook?futureID=SB", parameters={masked}
2019-06-07 14:53:02.327 DEBUG 10460 --- [http-nio-8081-exec-3] s.w.s.m.m.a.RequestMappingHandlerMapping : Mapped to public java.lang.String com.trading.brokergateway.Controller.OrderBookControl.getOrderBook(javax.servlet.http.HttpServletRequest)
2019-06-07 14:53:02.331 DEBUG 10460 --- [http-nio-8081-exec-3] m.m.a.RequestResponseBodyMethodProcessor : Using 'text/plain', given [*/*] and supported [text/plain, */*, text/plain, */*, application/json, application/*+json, application/json, application/*+json]
2019-06-07 14:53:02.331 DEBUG 10460 --- [http-nio-8081-exec-3] m.m.a.RequestResponseBodyMethodProcessor : Writing ["{"sellList":[{"orderID":"969cd9ce-2087-479d-b88d-9c7bc3af25be","futureID":"SB","type":"L","way":"S" (truncated)...]
2019-06-07 14:53:02.332 DEBUG 10460 --- [http-nio-8081-exec-3] o.s.web.servlet.DispatcherServlet        : Completed 200 OK
2019-06-07 14:53:10.865 DEBUG 10460 --- [http-nio-8081-exec-4] o.s.web.servlet.DispatcherServlet        : POST "/Order", parameters={}
2019-06-07 14:53:10.867 DEBUG 10460 --- [http-nio-8081-exec-4] s.w.s.m.m.a.RequestMappingHandlerMapping : Mapped to public java.lang.String com.trading.brokergateway.Controller.OrderControl.orderPost(javax.servlet.http.HttpServletRequest,java.io.BufferedReader)
2019-06-07 14:53:10.871 DEBUG 10460 --- [http-nio-8081-exec-4] m.m.a.RequestResponseBodyMethodProcessor : Using 'application/json', given [application/json] and supported [text/plain, */*, text/plain, */*, application/json, application/*+json, application/json, application/*+json]
2019-06-07 14:53:10.872 DEBUG 10460 --- [http-nio-8081-exec-4] m.m.a.RequestResponseBodyMethodProcessor : Writing ["OK"]
2019-06-07 14:53:10.873 DEBUG 10460 --- [http-nio-8081-exec-4] o.s.web.servlet.DispatcherServlet        : Completed 200 OK
2019-06-07 14:53:16.566 DEBUG 10460 --- [http-nio-8081-exec-5] o.s.web.servlet.DispatcherServlet        : GET "/OrderBook?futureID=SB", parameters={masked}
2019-06-07 14:53:16.566 DEBUG 10460 --- [http-nio-8081-exec-5] s.w.s.m.m.a.RequestMappingHandlerMapping : Mapped to public java.lang.String com.trading.brokergateway.Controller.OrderBookControl.getOrderBook(javax.servlet.http.HttpServletRequest)
2019-06-07 14:53:16.568 DEBUG 10460 --- [http-nio-8081-exec-5] m.m.a.RequestResponseBodyMethodProcessor : Using 'text/plain', given [*/*] and supported [text/plain, */*, text/plain, */*, application/json, application/*+json, application/json, application/*+json]
2019-06-07 14:53:16.568 DEBUG 10460 --- [http-nio-8081-exec-5] m.m.a.RequestResponseBodyMethodProcessor : Writing ["{"sellList":[{"orderID":"688f389c-a6f7-4eaf-84e8-dd66f134f700","futureID":"SB","type":"L","way":"S" (truncated)...]
2019-06-07 14:53:16.569 DEBUG 10460 --- [http-nio-8081-exec-5] o.s.web.servlet.DispatcherServlet        : Completed 200 OK
2019-06-07 16:01:09.192 ERROR 10460 --- [http-nio-8081-exec-9] c.t.b.Controller.WebsocketServer         : 发生错误
2019-06-07 16:01:10.202 ERROR 10460 --- [http-nio-8081-exec-9] c.t.b.Controller.WebsocketServer         : 发生错误
2019-06-07 16:01:20.130 DEBUG 10460 --- [http-nio-8081-exec-10] o.s.web.servlet.DispatcherServlet        : POST "/Order", parameters={}
2019-06-07 16:01:20.133 DEBUG 10460 --- [http-nio-8081-exec-10] s.w.s.m.m.a.RequestMappingHandlerMapping : Mapped to public java.lang.String com.trading.brokergateway.Controller.OrderControl.orderPost(javax.servlet.http.HttpServletRequest,java.io.BufferedReader)
2019-06-07 16:01:20.193 DEBUG 10460 --- [http-nio-8081-exec-10] m.m.a.RequestResponseBodyMethodProcessor : Using 'application/json', given [application/json] and supported [text/plain, */*, text/plain, */*, application/json, application/*+json, application/json, application/*+json]
2019-06-07 16:01:20.194 DEBUG 10460 --- [http-nio-8081-exec-10] m.m.a.RequestResponseBodyMethodProcessor : Writing ["PROCESSED"]
2019-06-07 16:01:20.196 DEBUG 10460 --- [http-nio-8081-exec-10] o.s.web.servlet.DispatcherServlet        : Completed 200 OK
2019-06-07 16:01:37.931 ERROR 10460 --- [http-nio-8081-exec-3] c.t.b.Controller.WebsocketServer         : 发生错误
2019-06-07 16:01:38.937 ERROR 10460 --- [http-nio-8081-exec-3] c.t.b.Controller.WebsocketServer         : 发生错误
2019-06-07 16:01:54.942 ERROR 10460 --- [http-nio-8081-exec-5] c.t.b.Controller.PriceServer             : 发生错误
2019-06-07 16:01:56.960 ERROR 10460 --- [http-nio-8081-exec-5] c.t.b.Controller.PriceServer             : 发生错误
2019-06-07 16:06:18.269 DEBUG 10460 --- [http-nio-8081-exec-6] o.s.web.servlet.DispatcherServlet        : OPTIONS "/Result", parameters={}
2019-06-07 16:06:18.271 DEBUG 10460 --- [http-nio-8081-exec-6] s.w.s.m.m.a.RequestMappingHandlerMapping : Mapped to public java.lang.String com.trading.brokergateway.Controller.ResultAPI.getResult(javax.servlet.http.HttpServletRequest) throws java.lang.Exception
2019-06-07 16:06:18.294 DEBUG 10460 --- [http-nio-8081-exec-6] o.s.web.servlet.DispatcherServlet        : Completed 200 OK
2019-06-07 16:06:18.313 DEBUG 10460 --- [http-nio-8081-exec-7] o.s.web.servlet.DispatcherServlet        : GET "/Result", parameters={}
2019-06-07 16:06:18.314 DEBUG 10460 --- [http-nio-8081-exec-7] s.w.s.m.m.a.RequestMappingHandlerMapping : Mapped to public java.lang.String com.trading.brokergateway.Controller.ResultAPI.getResult(javax.servlet.http.HttpServletRequest) throws java.lang.Exception
2019-06-07 16:06:18.664 DEBUG 10460 --- [http-nio-8081-exec-7] m.m.a.RequestResponseBodyMethodProcessor : Using 'text/plain', given [*/*] and supported [text/plain, */*, text/plain, */*, application/json, application/*+json, application/json, application/*+json]
2019-06-07 16:06:18.664 DEBUG 10460 --- [http-nio-8081-exec-7] m.m.a.RequestResponseBodyMethodProcessor : Writing ["[{"resultID":"cef13b4e-ab4a-4653-9c32-015e4074c817","orderID1":"410368a8-3f35-4a7d-b124-81f223a8918 (truncated)...]
2019-06-07 16:06:18.665 DEBUG 10460 --- [http-nio-8081-exec-7] o.s.web.servlet.DispatcherServlet        : Completed 200 OK
2019-06-07 16:06:20.990 DEBUG 10460 --- [http-nio-8081-exec-8] o.s.web.servlet.DispatcherServlet        : OPTIONS "/Result?method=ByTime", parameters={masked}
2019-06-07 16:06:20.991 DEBUG 10460 --- [http-nio-8081-exec-8] s.w.s.m.m.a.RequestMappingHandlerMapping : Mapped to public java.lang.String com.trading.brokergateway.Controller.ResultAPI.getResult(javax.servlet.http.HttpServletRequest) throws java.lang.Exception
2019-06-07 16:06:20.992 DEBUG 10460 --- [http-nio-8081-exec-8] o.s.web.servlet.DispatcherServlet        : Completed 200 OK
2019-06-07 16:06:21.009 DEBUG 10460 --- [http-nio-8081-exec-9] o.s.web.servlet.DispatcherServlet        : GET "/Result?method=ByTime", parameters={masked}
2019-06-07 16:06:21.009 DEBUG 10460 --- [http-nio-8081-exec-9] s.w.s.m.m.a.RequestMappingHandlerMapping : Mapped to public java.lang.String com.trading.brokergateway.Controller.ResultAPI.getResult(javax.servlet.http.HttpServletRequest) throws java.lang.Exception
2019-06-07 16:06:21.029 DEBUG 10460 --- [http-nio-8081-exec-9] m.m.a.RequestResponseBodyMethodProcessor : Using 'text/plain', given [*/*] and supported [text/plain, */*, text/plain, */*, application/json, application/*+json, application/json, application/*+json]
2019-06-07 16:06:21.029 DEBUG 10460 --- [http-nio-8081-exec-9] m.m.a.RequestResponseBodyMethodProcessor : Writing ["[{"resultID":"cef13b4e-ab4a-4653-9c32-015e4074c817","orderID1":"410368a8-3f35-4a7d-b124-81f223a8918 (truncated)...]
2019-06-07 16:06:21.030 DEBUG 10460 --- [http-nio-8081-exec-9] o.s.web.servlet.DispatcherServlet        : Completed 200 OK
2019-06-07 16:06:29.294 DEBUG 10460 --- [http-nio-8081-exec-10] o.s.web.servlet.DispatcherServlet        : OPTIONS "/Result?method=ByOrderID&id=410368a8-3f35-4a7d-b124-81f223a8918c", parameters={masked}
2019-06-07 16:06:29.294 DEBUG 10460 --- [http-nio-8081-exec-10] s.w.s.m.m.a.RequestMappingHandlerMapping : Mapped to public java.lang.String com.trading.brokergateway.Controller.ResultAPI.getResult(javax.servlet.http.HttpServletRequest) throws java.lang.Exception
2019-06-07 16:06:29.295 DEBUG 10460 --- [http-nio-8081-exec-10] o.s.web.servlet.DispatcherServlet        : Completed 200 OK
2019-06-07 16:06:29.309 DEBUG 10460 --- [http-nio-8081-exec-1] o.s.web.servlet.DispatcherServlet        : GET "/Result?method=ByOrderID&id=410368a8-3f35-4a7d-b124-81f223a8918c", parameters={masked}
2019-06-07 16:06:29.310 DEBUG 10460 --- [http-nio-8081-exec-1] s.w.s.m.m.a.RequestMappingHandlerMapping : Mapped to public java.lang.String com.trading.brokergateway.Controller.ResultAPI.getResult(javax.servlet.http.HttpServletRequest) throws java.lang.Exception
2019-06-07 16:06:29.320 DEBUG 10460 --- [http-nio-8081-exec-1] m.m.a.RequestResponseBodyMethodProcessor : Using 'text/plain', given [*/*] and supported [text/plain, */*, text/plain, */*, application/json, application/*+json, application/json, application/*+json]
2019-06-07 16:06:29.321 DEBUG 10460 --- [http-nio-8081-exec-1] m.m.a.RequestResponseBodyMethodProcessor : Writing ["[{"resultID":"cef13b4e-ab4a-4653-9c32-015e4074c817","orderID1":"410368a8-3f35-4a7d-b124-81f223a8918 (truncated)...]
2019-06-07 16:06:29.321 DEBUG 10460 --- [http-nio-8081-exec-1] o.s.web.servlet.DispatcherServlet        : Completed 200 OK
2019-06-07 16:06:32.255 DEBUG 10460 --- [http-nio-8081-exec-2] o.s.web.servlet.DispatcherServlet        : OPTIONS "/Result?method=ByFutureID&id=SB", parameters={masked}
2019-06-07 16:06:32.256 DEBUG 10460 --- [http-nio-8081-exec-2] s.w.s.m.m.a.RequestMappingHandlerMapping : Mapped to public java.lang.String com.trading.brokergateway.Controller.ResultAPI.getResult(javax.servlet.http.HttpServletRequest) throws java.lang.Exception
2019-06-07 16:06:32.257 DEBUG 10460 --- [http-nio-8081-exec-2] o.s.web.servlet.DispatcherServlet        : Completed 200 OK
2019-06-07 16:06:32.270 DEBUG 10460 --- [http-nio-8081-exec-3] o.s.web.servlet.DispatcherServlet        : GET "/Result?method=ByFutureID&id=SB", parameters={masked}
2019-06-07 16:06:32.270 DEBUG 10460 --- [http-nio-8081-exec-3] s.w.s.m.m.a.RequestMappingHandlerMapping : Mapped to public java.lang.String com.trading.brokergateway.Controller.ResultAPI.getResult(javax.servlet.http.HttpServletRequest) throws java.lang.Exception
2019-06-07 16:06:32.282 DEBUG 10460 --- [http-nio-8081-exec-3] m.m.a.RequestResponseBodyMethodProcessor : Using 'text/plain', given [*/*] and supported [text/plain, */*, text/plain, */*, application/json, application/*+json, application/json, application/*+json]
2019-06-07 16:06:32.282 DEBUG 10460 --- [http-nio-8081-exec-3] m.m.a.RequestResponseBodyMethodProcessor : Writing ["[{"resultID":"cef13b4e-ab4a-4653-9c32-015e4074c817","orderID1":"410368a8-3f35-4a7d-b124-81f223a8918 (truncated)...]
2019-06-07 16:06:32.283 DEBUG 10460 --- [http-nio-8081-exec-3] o.s.web.servlet.DispatcherServlet        : Completed 200 OK
2019-06-07 16:06:54.482 DEBUG 10460 --- [http-nio-8081-exec-4] o.s.web.servlet.DispatcherServlet        : OPTIONS "/Result?method=ByFutureID&id=sb", parameters={masked}
2019-06-07 16:06:54.483 DEBUG 10460 --- [http-nio-8081-exec-4] s.w.s.m.m.a.RequestMappingHandlerMapping : Mapped to public java.lang.String com.trading.brokergateway.Controller.ResultAPI.getResult(javax.servlet.http.HttpServletRequest) throws java.lang.Exception
2019-06-07 16:06:54.483 DEBUG 10460 --- [http-nio-8081-exec-4] o.s.web.servlet.DispatcherServlet        : Completed 200 OK
2019-06-07 16:06:54.500 DEBUG 10460 --- [http-nio-8081-exec-5] o.s.web.servlet.DispatcherServlet        : GET "/Result?method=ByFutureID&id=sb", parameters={masked}
2019-06-07 16:06:54.501 DEBUG 10460 --- [http-nio-8081-exec-5] s.w.s.m.m.a.RequestMappingHandlerMapping : Mapped to public java.lang.String com.trading.brokergateway.Controller.ResultAPI.getResult(javax.servlet.http.HttpServletRequest) throws java.lang.Exception
2019-06-07 16:06:54.511 DEBUG 10460 --- [http-nio-8081-exec-5] m.m.a.RequestResponseBodyMethodProcessor : Using 'text/plain', given [*/*] and supported [text/plain, */*, text/plain, */*, application/json, application/*+json, application/json, application/*+json]
2019-06-07 16:06:54.512 DEBUG 10460 --- [http-nio-8081-exec-5] m.m.a.RequestResponseBodyMethodProcessor : Writing ["[{"resultID":"cef13b4e-ab4a-4653-9c32-015e4074c817","orderID1":"410368a8-3f35-4a7d-b124-81f223a8918 (truncated)...]
2019-06-07 16:06:54.512 DEBUG 10460 --- [http-nio-8081-exec-5] o.s.web.servlet.DispatcherServlet        : Completed 200 OK
2019-06-07 16:06:58.056 DEBUG 10460 --- [http-nio-8081-exec-6] o.s.web.servlet.DispatcherServlet        : GET "/Result?method=ByFutureID&id=SB", parameters={masked}
2019-06-07 16:06:58.056 DEBUG 10460 --- [http-nio-8081-exec-6] s.w.s.m.m.a.RequestMappingHandlerMapping : Mapped to public java.lang.String com.trading.brokergateway.Controller.ResultAPI.getResult(javax.servlet.http.HttpServletRequest) throws java.lang.Exception
2019-06-07 16:06:58.065 DEBUG 10460 --- [http-nio-8081-exec-6] m.m.a.RequestResponseBodyMethodProcessor : Using 'text/plain', given [*/*] and supported [text/plain, */*, text/plain, */*, application/json, application/*+json, application/json, application/*+json]
2019-06-07 16:06:58.065 DEBUG 10460 --- [http-nio-8081-exec-6] m.m.a.RequestResponseBodyMethodProcessor : Writing ["[{"resultID":"cef13b4e-ab4a-4653-9c32-015e4074c817","orderID1":"410368a8-3f35-4a7d-b124-81f223a8918 (truncated)...]
2019-06-07 16:06:58.066 DEBUG 10460 --- [http-nio-8081-exec-6] o.s.web.servlet.DispatcherServlet        : Completed 200 OK
2019-06-07 16:07:01.111 DEBUG 10460 --- [http-nio-8081-exec-7] o.s.web.servlet.DispatcherServlet        : OPTIONS "/Result?method=ByPrice&id=SB&price=6.1", parameters={masked}
2019-06-07 16:07:01.113 DEBUG 10460 --- [http-nio-8081-exec-7] s.w.s.m.m.a.RequestMappingHandlerMapping : Mapped to public java.lang.String com.trading.brokergateway.Controller.ResultAPI.getResult(javax.servlet.http.HttpServletRequest) throws java.lang.Exception
2019-06-07 16:07:01.115 DEBUG 10460 --- [http-nio-8081-exec-7] o.s.web.servlet.DispatcherServlet        : Completed 200 OK
2019-06-07 16:07:01.133 DEBUG 10460 --- [http-nio-8081-exec-8] o.s.web.servlet.DispatcherServlet        : GET "/Result?method=ByPrice&id=SB&price=6.1", parameters={masked}
2019-06-07 16:07:01.133 DEBUG 10460 --- [http-nio-8081-exec-8] s.w.s.m.m.a.RequestMappingHandlerMapping : Mapped to public java.lang.String com.trading.brokergateway.Controller.ResultAPI.getResult(javax.servlet.http.HttpServletRequest) throws java.lang.Exception
2019-06-07 16:07:01.142 DEBUG 10460 --- [http-nio-8081-exec-8] m.m.a.RequestResponseBodyMethodProcessor : Using 'text/plain', given [*/*] and supported [text/plain, */*, text/plain, */*, application/json, application/*+json, application/json, application/*+json]
2019-06-07 16:07:01.142 DEBUG 10460 --- [http-nio-8081-exec-8] m.m.a.RequestResponseBodyMethodProcessor : Writing ["[{"resultID":"cef13b4e-ab4a-4653-9c32-015e4074c817","orderID1":"410368a8-3f35-4a7d-b124-81f223a8918 (truncated)...]
2019-06-07 16:07:01.143 DEBUG 10460 --- [http-nio-8081-exec-8] o.s.web.servlet.DispatcherServlet        : Completed 200 OK
2019-06-07 16:07:05.388 DEBUG 10460 --- [http-nio-8081-exec-9] o.s.web.servlet.DispatcherServlet        : OPTIONS "/Result?method=ByTraderID&id=XXX", parameters={masked}
2019-06-07 16:07:05.389 DEBUG 10460 --- [http-nio-8081-exec-9] s.w.s.m.m.a.RequestMappingHandlerMapping : Mapped to public java.lang.String com.trading.brokergateway.Controller.ResultAPI.getResult(javax.servlet.http.HttpServletRequest) throws java.lang.Exception
2019-06-07 16:07:05.390 DEBUG 10460 --- [http-nio-8081-exec-9] o.s.web.servlet.DispatcherServlet        : Completed 200 OK
2019-06-07 16:07:05.412 DEBUG 10460 --- [http-nio-8081-exec-10] o.s.web.servlet.DispatcherServlet        : GET "/Result?method=ByTraderID&id=XXX", parameters={masked}
2019-06-07 16:07:05.412 DEBUG 10460 --- [http-nio-8081-exec-10] s.w.s.m.m.a.RequestMappingHandlerMapping : Mapped to public java.lang.String com.trading.brokergateway.Controller.ResultAPI.getResult(javax.servlet.http.HttpServletRequest) throws java.lang.Exception
2019-06-07 16:07:05.423 DEBUG 10460 --- [http-nio-8081-exec-10] m.m.a.RequestResponseBodyMethodProcessor : Using 'text/plain', given [*/*] and supported [text/plain, */*, text/plain, */*, application/json, application/*+json, application/json, application/*+json]
2019-06-07 16:07:05.423 DEBUG 10460 --- [http-nio-8081-exec-10] m.m.a.RequestResponseBodyMethodProcessor : Writing ["[{"resultID":"cef13b4e-ab4a-4653-9c32-015e4074c817","orderID1":"410368a8-3f35-4a7d-b124-81f223a8918 (truncated)...]
2019-06-07 16:07:05.424 DEBUG 10460 --- [http-nio-8081-exec-10] o.s.web.servlet.DispatcherServlet        : Completed 200 OK
